<?xml version="1.0" encoding="UTF-8"?>
<testsuite name="Test_reportng"
           tests="3"
           failures="1"
           errors="0"
           skipped="0"
           time="25.357">
  <properties />
            <testcase name="Search3" time="0.001" classname="com.ecom.watches.pkg2_Search.Search">
                <failure type="java.lang.AssertionError"
                  message="Failing somehow"
              >
<![CDATA[java.lang.AssertionError: Failing somehow
  org.testng.Assert.fail(Assert.java:94)
  com.ecom.watches.pkg2_Search.Search.Search3(Search.java:54)
  sun.reflect.NativeMethodAccessorImpl.invoke0(Native Method)
  sun.reflect.NativeMethodAccessorImpl.invoke(NativeMethodAccessorImpl.java:62)
  sun.reflect.DelegatingMethodAccessorImpl.invoke(DelegatingMethodAccessorImpl.java:43)
  java.lang.reflect.Method.invoke(Method.java:498)
  org.testng.internal.MethodInvocationHelper.invokeMethod(MethodInvocationHelper.java:86)
  org.testng.internal.Invoker.invokeMethod(Invoker.java:643)
  org.testng.internal.Invoker.invokeTestMethod(Invoker.java:820)
  org.testng.internal.Invoker.invokeTestMethods(Invoker.java:1128)
  org.testng.internal.TestMethodWorker.invokeTestMethods(TestMethodWorker.java:129)
  org.testng.internal.TestMethodWorker.run(TestMethodWorker.java:112)
  java.util.concurrent.ThreadPoolExecutor.runWorker(ThreadPoolExecutor.java:1149)
  java.util.concurrent.ThreadPoolExecutor$Worker.run(ThreadPoolExecutor.java:624)
  java.lang.Thread.run(Thread.java:748)
]]>
      </failure>

          </testcase>
  
  
            <testcase name="Search2" time="5.616" classname="com.ecom.watches.pkg2_Search.Search" />
                <testcase name="Search1" time="19.740" classname="com.ecom.watches.pkg2_Search.Search" />
      
</testsuite>
